# JRE version: Java(TM) SE Runtime Environment (8.0_25-b17) (build 1.8.0_25-b17)
# Java VM: Java HotSpot(TM) 64-Bit Server VM (25.25-b02 mixed mode bsd-amd64 compressed oops)
Heap:
 PSYoungGen      total 38400K, used 7999K [0x0000000795580000, 0x0000000798000000, 0x00000007c0000000)
  eden space 33280K, 24% used [0x0000000795580000,0x0000000795d4fe38,0x0000000797600000)
  from space 5120K, 0% used [0x0000000797b00000,0x0000000797b00000,0x0000000798000000)
  to   space 5120K, 0% used [0x0000000797600000,0x0000000797600000,0x0000000797b00000)
 ParOldGen       total 68608K, used 17636K [0x0000000740000000, 0x0000000744300000, 0x0000000795580000)
  object space 68608K, 25% used [0x0000000740000000,0x00000007411392a8,0x0000000744300000)
 Metaspace       used 21760K, capacity 22668K, committed 22784K, reserved 1069056K
  class space    used 3056K, capacity 3215K, committed 3328K, reserved 1048576K
GC Heap History (6 events):
Event: 4.856 GC heap before
{Heap before GC invocations=1 (full 0):
 PSYoungGen      total 38400K, used 33280K [0x0000000795580000, 0x0000000798000000, 0x00000007c0000000)
  eden space 33280K, 100% used [0x0000000795580000,0x0000000797600000,0x0000000797600000)
  from space 5120K, 0% used [0x0000000797b00000,0x0000000797b00000,0x0000000798000000)
  to   space 5120K, 0% used [0x0000000797600000,0x0000000797600000,0x0000000797b00000)
 ParOldGen       total 87552K, used 0K [0x0000000740000000, 0x0000000745580000, 0x0000000795580000)
  object space 87552K, 0% used [0x0000000740000000,0x0000000740000000,0x0000000745580000)
 Metaspace       used 14568K, capacity 15344K, committed 15360K, reserved 1062912K
  class space    used 2151K, capacity 2293K, committed 2304K, reserved 1048576K
Event: 4.864 GC heap after
Heap after GC invocations=1 (full 0):
 PSYoungGen      total 38400K, used 4902K [0x0000000795580000, 0x0000000798000000, 0x00000007c0000000)
  eden space 33280K, 0% used [0x0000000795580000,0x0000000795580000,0x0000000797600000)
  from space 5120K, 95% used [0x0000000797600000,0x0000000797ac99b0,0x0000000797b00000)
  to   space 5120K, 0% used [0x0000000797b00000,0x0000000797b00000,0x0000000798000000)
 ParOldGen       total 87552K, used 24K [0x0000000740000000, 0x0000000745580000, 0x0000000795580000)
  object space 87552K, 0% used [0x0000000740000000,0x0000000740006000,0x0000000745580000)
 Metaspace       used 14568K, capacity 15344K, committed 15360K, reserved 1062912K
  class space    used 2151K, capacity 2293K, committed 2304K, reserved 1048576K
}
Event: 36.289 GC heap before
{Heap before GC invocations=2 (full 0):
 PSYoungGen      total 38400K, used 26250K [0x0000000795580000, 0x0000000798000000, 0x00000007c0000000)
  eden space 33280K, 64% used [0x0000000795580000,0x0000000796a58eb8,0x0000000797600000)
  from space 5120K, 95% used [0x0000000797600000,0x0000000797ac99b0,0x0000000797b00000)
  to   space 5120K, 0% used [0x0000000797b00000,0x0000000797b00000,0x0000000798000000)
 ParOldGen       total 87552K, used 24K [0x0000000740000000, 0x0000000745580000, 0x0000000795580000)
  object space 87552K, 0% used [0x0000000740000000,0x0000000740006000,0x0000000745580000)
 Metaspace       used 20305K, capacity 21186K, committed 21248K, reserved 1067008K
  class space    used 2867K, capacity 3034K, committed 3072K, reserved 1048576K
Event: 36.304 GC heap after
Heap after GC invocations=2 (full 0):
 PSYoungGen      total 38400K, used 5095K [0x0000000795580000, 0x0000000798000000, 0x00000007c0000000)
  eden space 33280K, 0% used [0x0000000795580000,0x0000000795580000,0x0000000797600000)
  from space 5120K, 99% used [0x0000000797b00000,0x0000000797ff9c80,0x0000000798000000)
  to   space 5120K, 0% used [0x0000000797600000,0x0000000797600000,0x0000000797b00000)
 ParOldGen       total 87552K, used 13996K [0x0000000740000000, 0x0000000745580000, 0x0000000795580000)
  object space 87552K, 15% used [0x0000000740000000,0x0000000740dab1f8,0x0000000745580000)
 Metaspace       used 20305K, capacity 21186K, committed 21248K, reserved 1067008K
  class space    used 2867K, capacity 3034K, committed 3072K, reserved 1048576K
}
Event: 36.304 GC heap before
{Heap before GC invocations=3 (full 1):
 PSYoungGen      total 38400K, used 5095K [0x0000000795580000, 0x0000000798000000, 0x00000007c0000000)
  eden space 33280K, 0% used [0x0000000795580000,0x0000000795580000,0x0000000797600000)
  from space 5120K, 99% used [0x0000000797b00000,0x0000000797ff9c80,0x0000000798000000)
  to   space 5120K, 0% used [0x0000000797600000,0x0000000797600000,0x0000000797b00000)
 ParOldGen       total 87552K, used 13996K [0x0000000740000000, 0x0000000745580000, 0x0000000795580000)
  object space 87552K, 15% used [0x0000000740000000,0x0000000740dab1f8,0x0000000745580000)
 Metaspace       used 20305K, capacity 21186K, committed 21248K, reserved 1067008K
  class space    used 2867K, capacity 3034K, committed 3072K, reserved 1048576K
Event: 36.335 GC heap after
Heap after GC invocations=3 (full 1):
 PSYoungGen      total 38400K, used 0K [0x0000000795580000, 0x0000000798000000, 0x00000007c0000000)
  eden space 33280K, 0% used [0x0000000795580000,0x0000000795580000,0x0000000797600000)
  from space 5120K, 0% used [0x0000000797b00000,0x0000000797b00000,0x0000000798000000)
  to   space 5120K, 0% used [0x0000000797600000,0x0000000797600000,0x0000000797b00000)
 ParOldGen       total 68608K, used 17636K [0x0000000740000000, 0x0000000744300000, 0x0000000795580000)
  object space 68608K, 25% used [0x0000000740000000,0x00000007411392a8,0x0000000744300000)
 Metaspace       used 20304K, capacity 21184K, committed 21248K, reserved 1067008K
  class space    used 2866K, capacity 3033K, committed 3072K, reserved 1048576K
}

